<?xml version="1.0" encoding="UTF-8" standalone="no"?>
<testsuite errors="0" failures="0" name="io.cucumber.core.plugin.JUnitFormatter" skipped="0" tests="1" time="0.229">
    <testcase classname="log in amazon" name="user enters credentials to login" time="0.055">
        <system-out><![CDATA[Given user on log in page...................................................passed
When user enters following details..........................................passed
Then user clicks on login button............................................passed
]]></system-out>
    </testcase>
</testsuite>
